<?xml version="1.0" encoding="UTF-8"?>
<coverage generated="1739403454961" clover="3.2.0">
  <project timestamp="1739403454961" name="All files">
    <metrics statements="174" coveredstatements="168" conditionals="56" coveredconditionals="51" methods="46" coveredmethods="45" elements="276" coveredelements="264" complexity="0" loc="174" ncloc="174" packages="8" files="20" classes="20"/>
    <package name="app">
      <metrics statements="58" coveredstatements="58" conditionals="24" coveredconditionals="22" methods="18" coveredmethods="18"/>
      <file name="Welcome.jsx" path="/Users/aymanearfaoui/Desktop/Concordia2024-2025/winter2025/soen390/FindMyClass/app/Welcome.jsx">
        <metrics statements="16" coveredstatements="16" conditionals="4" coveredconditionals="3" methods="5" coveredmethods="5"/>
        <line num="17" count="2" type="stmt"/>
        <line num="19" count="2" type="stmt"/>
        <line num="20" count="9" type="stmt"/>
        <line num="27" count="9" type="stmt"/>
        <line num="29" count="9" type="stmt"/>
        <line num="30" count="8" type="stmt"/>
        <line num="34" count="8" type="cond" truecount="1" falsecount="1"/>
        <line num="35" count="8" type="stmt"/>
        <line num="36" count="8" type="cond" truecount="2" falsecount="0"/>
        <line num="37" count="1" type="stmt"/>
        <line num="38" count="1" type="stmt"/>
        <line num="39" count="1" type="stmt"/>
        <line num="44" count="8" type="stmt"/>
        <line num="58" count="2" type="stmt"/>
        <line num="72" count="1" type="stmt"/>
        <line num="86" count="2" type="stmt"/>
      </file>
      <file name="_layout.jsx" path="/Users/aymanearfaoui/Desktop/Concordia2024-2025/winter2025/soen390/FindMyClass/app/_layout.jsx">
        <metrics statements="12" coveredstatements="12" conditionals="10" coveredconditionals="9" methods="3" coveredmethods="3"/>
        <line num="7" count="4" type="stmt"/>
        <line num="8" count="4" type="stmt"/>
        <line num="9" count="4" type="stmt"/>
        <line num="11" count="4" type="stmt"/>
        <line num="12" count="4" type="cond" truecount="2" falsecount="0"/>
        <line num="13" count="2" type="stmt"/>
        <line num="14" count="2" type="cond" truecount="4" falsecount="0"/>
        <line num="15" count="1" type="stmt"/>
        <line num="16" count="1" type="cond" truecount="3" falsecount="1"/>
        <line num="17" count="1" type="stmt"/>
        <line num="22" count="4" type="stmt"/>
        <line num="32" count="2" type="stmt"/>
      </file>
      <file name="home.jsx" path="/Users/aymanearfaoui/Desktop/Concordia2024-2025/winter2025/soen390/FindMyClass/app/home.jsx">
        <metrics statements="19" coveredstatements="19" conditionals="10" coveredconditionals="10" methods="5" coveredmethods="5"/>
        <line num="11" count="1" type="stmt"/>
        <line num="12" count="8" type="stmt"/>
        <line num="13" count="8" type="stmt"/>
        <line num="14" count="8" type="stmt"/>
        <line num="16" count="8" type="stmt"/>
        <line num="17" count="5" type="stmt"/>
        <line num="20" count="8" type="stmt"/>
        <line num="21" count="5" type="stmt"/>
        <line num="22" count="5" type="cond" truecount="2" falsecount="0"/>
        <line num="23" count="3" type="stmt"/>
        <line num="25" count="5" type="stmt"/>
        <line num="26" count="5" type="cond" truecount="2" falsecount="0"/>
        <line num="27" count="1" type="stmt"/>
        <line num="31" count="8" type="stmt"/>
        <line num="32" count="1" type="stmt"/>
        <line num="33" count="1" type="stmt"/>
        <line num="36" count="8" type="stmt"/>
        <line num="72" count="1" type="stmt"/>
        <line num="89" count="1" type="stmt"/>
      </file>
      <file name="index.jsx" path="/Users/aymanearfaoui/Desktop/Concordia2024-2025/winter2025/soen390/FindMyClass/app/index.jsx">
        <metrics statements="11" coveredstatements="11" conditionals="0" coveredconditionals="0" methods="5" coveredmethods="5"/>
        <line num="9" count="1" type="stmt"/>
        <line num="10" count="3" type="stmt"/>
        <line num="13" count="3" type="stmt"/>
        <line num="15" count="2" type="stmt"/>
        <line num="17" count="2" type="stmt"/>
        <line num="23" count="2" type="stmt"/>
        <line num="25" count="1" type="stmt"/>
        <line num="33" count="1" type="stmt"/>
        <line num="34" count="1" type="stmt"/>
        <line num="38" count="2" type="stmt"/>
        <line num="41" count="2" type="stmt"/>
      </file>
    </package>
    <package name="assets.Styles">
      <metrics statements="1" coveredstatements="1" conditionals="0" coveredconditionals="0" methods="0" coveredmethods="0"/>
      <file name="mainPageStyle.js" path="/Users/aymanearfaoui/Desktop/Concordia2024-2025/winter2025/soen390/FindMyClass/assets/Styles/mainPageStyle.js">
        <metrics statements="1" coveredstatements="1" conditionals="0" coveredconditionals="0" methods="0" coveredmethods="0"/>
        <line num="3" count="1" type="stmt"/>
      </file>
    </package>
    <package name="assets.images">
      <metrics statements="3" coveredstatements="3" conditionals="0" coveredconditionals="0" methods="0" coveredmethods="0"/>
      <file name="background-generic-1.png" path="/Users/aymanearfaoui/Desktop/Concordia2024-2025/winter2025/soen390/FindMyClass/assets/images/background-generic-1.png">
        <metrics statements="1" coveredstatements="1" conditionals="0" coveredconditionals="0" methods="0" coveredmethods="0"/>
        <line num="1" count="2" type="stmt"/>
      </file>
      <file name="google-color.png" path="/Users/aymanearfaoui/Desktop/Concordia2024-2025/winter2025/soen390/FindMyClass/assets/images/google-color.png">
        <metrics statements="1" coveredstatements="1" conditionals="0" coveredconditionals="0" methods="0" coveredmethods="0"/>
        <line num="1" count="2" type="stmt"/>
      </file>
      <file name="logo_whitepage.png" path="/Users/aymanearfaoui/Desktop/Concordia2024-2025/winter2025/soen390/FindMyClass/assets/images/logo_whitepage.png">
        <metrics statements="1" coveredstatements="1" conditionals="0" coveredconditionals="0" methods="0" coveredmethods="0"/>
        <line num="1" count="1" type="stmt"/>
      </file>
    </package>
    <package name="components">
      <metrics statements="54" coveredstatements="52" conditionals="22" coveredconditionals="19" methods="18" coveredmethods="17"/>
      <file name="Button.jsx" path="/Users/aymanearfaoui/Desktop/Concordia2024-2025/winter2025/soen390/FindMyClass/components/Button.jsx">
        <metrics statements="6" coveredstatements="6" conditionals="8" coveredconditionals="8" methods="2" coveredmethods="1"/>
        <line num="7" count="3" type="stmt"/>
        <line num="15" count="12" type="stmt"/>
        <line num="23" count="12" type="cond" truecount="2" falsecount="0"/>
        <line num="24" count="1" type="stmt"/>
        <line num="31" count="11" type="stmt"/>
        <line num="40" count="3" type="stmt"/>
      </file>
      <file name="Calendar.jsx" path="/Users/aymanearfaoui/Desktop/Concordia2024-2025/winter2025/soen390/FindMyClass/components/Calendar.jsx">
        <metrics statements="9" coveredstatements="9" conditionals="6" coveredconditionals="4" methods="4" coveredmethods="4"/>
        <line num="7" count="1" type="stmt"/>
        <line num="9" count="1" type="stmt"/>
        <line num="10" count="2" type="cond" truecount="1" falsecount="1"/>
        <line num="14" count="2" type="stmt"/>
        <line num="21" count="2" type="stmt"/>
        <line num="24" count="1" type="stmt"/>
        <line num="36" count="2" type="stmt"/>
        <line num="46" count="2" type="stmt"/>
        <line num="65" count="1" type="stmt"/>
      </file>
      <file name="LiveLocationButton.jsx" path="/Users/aymanearfaoui/Desktop/Concordia2024-2025/winter2025/soen390/FindMyClass/components/LiveLocationButton.jsx">
        <metrics statements="6" coveredstatements="6" conditionals="0" coveredconditionals="0" methods="2" coveredmethods="2"/>
        <line num="7" count="2" type="stmt"/>
        <line num="8" count="2" type="stmt"/>
        <line num="9" count="1" type="stmt"/>
        <line num="10" count="1" type="stmt"/>
        <line num="13" count="2" type="stmt"/>
        <line num="24" count="2" type="stmt"/>
      </file>
      <file name="Loading.jsx" path="/Users/aymanearfaoui/Desktop/Concordia2024-2025/winter2025/soen390/FindMyClass/components/Loading.jsx">
        <metrics statements="3" coveredstatements="3" conditionals="2" coveredconditionals="2" methods="1" coveredmethods="1"/>
        <line num="6" count="4" type="cond" truecount="2" falsecount="0"/>
        <line num="7" count="2" type="stmt"/>
        <line num="16" count="4" type="stmt"/>
      </file>
      <file name="MapButtons.jsx" path="/Users/aymanearfaoui/Desktop/Concordia2024-2025/winter2025/soen390/FindMyClass/components/MapButtons.jsx">
        <metrics statements="15" coveredstatements="13" conditionals="6" coveredconditionals="5" methods="5" coveredmethods="5"/>
        <line num="5" count="1" type="stmt"/>
        <line num="6" count="3" type="stmt"/>
        <line num="8" count="3" type="stmt"/>
        <line num="13" count="3" type="stmt"/>
        <line num="14" count="3" type="stmt"/>
        <line num="17" count="3" type="stmt"/>
        <line num="18" count="1" type="stmt"/>
        <line num="20" count="1" type="cond" truecount="1" falsecount="1"/>
        <line num="21" count="1" type="stmt"/>
        <line num="23" count="0" type="stmt"/>
        <line num="24" count="0" type="stmt"/>
        <line num="28" count="3" type="stmt"/>
        <line num="31" count="6" type="stmt"/>
        <line num="34" count="1" type="stmt"/>
        <line num="46" count="1" type="stmt"/>
      </file>
      <file name="ScreenWrapper.jsx" path="/Users/aymanearfaoui/Desktop/Concordia2024-2025/winter2025/soen390/FindMyClass/components/ScreenWrapper.jsx">
        <metrics statements="3" coveredstatements="3" conditionals="0" coveredconditionals="0" methods="1" coveredmethods="1"/>
        <line num="5" count="4" type="stmt"/>
        <line num="6" count="20" type="stmt"/>
        <line num="13" count="4" type="stmt"/>
      </file>
      <file name="SearchBars.jsx" path="/Users/aymanearfaoui/Desktop/Concordia2024-2025/winter2025/soen390/FindMyClass/components/SearchBars.jsx">
        <metrics statements="12" coveredstatements="12" conditionals="0" coveredconditionals="0" methods="3" coveredmethods="3"/>
        <line num="7" count="1" type="stmt"/>
        <line num="8" count="36" type="stmt"/>
        <line num="9" count="35" type="stmt"/>
        <line num="11" count="35" type="stmt"/>
        <line num="12" count="1" type="stmt"/>
        <line num="13" count="1" type="stmt"/>
        <line num="14" count="1" type="stmt"/>
        <line num="17" count="35" type="stmt"/>
        <line num="18" count="35" type="stmt"/>
        <line num="19" count="1" type="stmt"/>
        <line num="22" count="35" type="stmt"/>
        <line num="59" count="1" type="stmt"/>
      </file>
    </package>
    <package name="constants">
      <metrics statements="1" coveredstatements="1" conditionals="0" coveredconditionals="0" methods="0" coveredmethods="0"/>
      <file name="theme.js" path="/Users/aymanearfaoui/Desktop/Concordia2024-2025/winter2025/soen390/FindMyClass/constants/theme.js">
        <metrics statements="1" coveredstatements="1" conditionals="0" coveredconditionals="0" methods="0" coveredmethods="0"/>
        <line num="1" count="8" type="stmt"/>
      </file>
    </package>
    <package name="context">
      <metrics statements="13" coveredstatements="12" conditionals="2" coveredconditionals="2" methods="4" coveredmethods="4"/>
      <file name="auth.js" path="/Users/aymanearfaoui/Desktop/Concordia2024-2025/winter2025/soen390/FindMyClass/context/auth.js">
        <metrics statements="13" coveredstatements="12" conditionals="2" coveredconditionals="2" methods="4" coveredmethods="4"/>
        <line num="4" count="2" type="stmt"/>
        <line num="7" count="4" type="stmt"/>
        <line num="8" count="4" type="stmt"/>
        <line num="10" count="4" type="stmt"/>
        <line num="11" count="2" type="stmt"/>
        <line num="14" count="4" type="stmt"/>
        <line num="15" count="2" type="stmt"/>
        <line num="16" count="2" type="stmt"/>
        <line num="17" count="2" type="cond" truecount="2" falsecount="0"/>
        <line num="19" count="0" type="stmt"/>
        <line num="21" count="2" type="stmt"/>
        <line num="25" count="4" type="stmt"/>
        <line num="32" count="4" type="stmt"/>
      </file>
    </package>
    <package name="helpers">
      <metrics statements="5" coveredstatements="5" conditionals="0" coveredconditionals="0" methods="2" coveredmethods="2"/>
      <file name="common.js" path="/Users/aymanearfaoui/Desktop/Concordia2024-2025/winter2025/soen390/FindMyClass/helpers/common.js">
        <metrics statements="5" coveredstatements="5" conditionals="0" coveredconditionals="0" methods="2" coveredmethods="2"/>
        <line num="5" count="4" type="stmt"/>
        <line num="7" count="4" type="stmt"/>
        <line num="8" count="80" type="stmt"/>
        <line num="11" count="4" type="stmt"/>
        <line num="12" count="6" type="stmt"/>
      </file>
    </package>
    <package name="services">
      <metrics statements="39" coveredstatements="36" conditionals="8" coveredconditionals="8" methods="4" coveredmethods="4"/>
      <file name="calendarService.js" path="/Users/aymanearfaoui/Desktop/Concordia2024-2025/winter2025/soen390/FindMyClass/services/calendarService.js">
        <metrics statements="10" coveredstatements="10" conditionals="2" coveredconditionals="2" methods="1" coveredmethods="1"/>
        <line num="1" count="2" type="stmt"/>
        <line num="2" count="3" type="stmt"/>
        <line num="3" count="3" type="stmt"/>
        <line num="4" count="3" type="stmt"/>
        <line num="5" count="3" type="stmt"/>
        <line num="7" count="3" type="stmt"/>
        <line num="13" count="2" type="stmt"/>
        <line num="14" count="2" type="cond" truecount="2" falsecount="0"/>
        <line num="16" count="1" type="stmt"/>
        <line num="17" count="1" type="stmt"/>
      </file>
      <file name="userService.js" path="/Users/aymanearfaoui/Desktop/Concordia2024-2025/winter2025/soen390/FindMyClass/services/userService.js">
        <metrics statements="29" coveredstatements="26" conditionals="6" coveredconditionals="6" methods="3" coveredmethods="3"/>
        <line num="4" count="2" type="stmt"/>
        <line num="5" count="3" type="cond" truecount="2" falsecount="0"/>
        <line num="6" count="2" type="stmt"/>
        <line num="7" count="2" type="stmt"/>
        <line num="12" count="1" type="stmt"/>
        <line num="13" count="1" type="stmt"/>
        <line num="14" count="1" type="stmt"/>
        <line num="16" count="1" type="stmt"/>
        <line num="17" count="1" type="stmt"/>
        <line num="21" count="2" type="stmt"/>
        <line num="23" count="2" type="stmt"/>
        <line num="25" count="2" type="stmt"/>
        <line num="26" count="2" type="cond" truecount="2" falsecount="0"/>
        <line num="27" count="1" type="stmt"/>
        <line num="28" count="1" type="stmt"/>
        <line num="29" count="1" type="stmt"/>
        <line num="30" count="1" type="stmt"/>
        <line num="32" count="0" type="stmt"/>
        <line num="33" count="0" type="stmt"/>
        <line num="37" count="2" type="stmt"/>
        <line num="38" count="3" type="stmt"/>
        <line num="39" count="3" type="stmt"/>
        <line num="40" count="3" type="cond" truecount="2" falsecount="0"/>
        <line num="41" count="2" type="stmt"/>
        <line num="42" count="2" type="stmt"/>
        <line num="45" count="1" type="stmt"/>
        <line num="49" count="0" type="stmt"/>
        <line num="51" count="1" type="stmt"/>
        <line num="52" count="1" type="stmt"/>
      </file>
    </package>
  </project>
</coverage>
