{"/Users/aymanearfaoui/Desktop/Concordia2024-2025/winter2025/soen390/FindMyClass/app/Welcome.jsx": {"path":"/Users/aymanearfaoui/Desktop/Concordia2024-2025/winter2025/soen390/FindMyClass/app/Welcome.jsx","statementMap":{"0":{"start":{"line":17,"column":0},"end":{"line":17,"column":37}},"1":{"start":{"line":19,"column":16},"end":{"line":82,"column":1}},"2":{"start":{"line":20,"column":43},"end":{"line":25,"column":4}},"3":{"start":{"line":27,"column":17},"end":{"line":27,"column":28}},"4":{"start":{"line":29,"column":2},"end":{"line":31,"column":16}},"5":{"start":{"line":30,"column":4},"end":{"line":30,"column":29}},"6":{"start":{"line":34,"column":4},"end":{"line":41,"column":5}},"7":{"start":{"line":35,"column":23},"end":{"line":35,"column":77}},"8":{"start":{"line":36,"column":6},"end":{"line":40,"column":7}},"9":{"start":{"line":37,"column":23},"end":{"line":37,"column":83}},"10":{"start":{"line":38,"column":8},"end":{"line":38,"column":72}},"11":{"start":{"line":39,"column":8},"end":{"line":39,"column":32}},"12":{"start":{"line":44,"column":2},"end":{"line":81,"column":3}},"13":{"start":{"line":58,"column":27},"end":{"line":58,"column":40}},"14":{"start":{"line":72,"column":27},"end":{"line":72,"column":50}},"15":{"start":{"line":86,"column":15},"end":{"line":258,"column":2}}},"fnMap":{"0":{"name":"(anonymous_0)","decl":{"start":{"line":19,"column":16},"end":{"line":19,"column":17}},"loc":{"start":{"line":19,"column":22},"end":{"line":82,"column":1}},"line":19},"1":{"name":"(anonymous_1)","decl":{"start":{"line":29,"column":18},"end":{"line":29,"column":19}},"loc":{"start":{"line":29,"column":24},"end":{"line":31,"column":3}},"line":29},"2":{"name":"handleSignInWithGoogle","decl":{"start":{"line":33,"column":17},"end":{"line":33,"column":39}},"loc":{"start":{"line":33,"column":42},"end":{"line":42,"column":3}},"line":33},"3":{"name":"(anonymous_3)","decl":{"start":{"line":58,"column":21},"end":{"line":58,"column":22}},"loc":{"start":{"line":58,"column":27},"end":{"line":58,"column":40}},"line":58},"4":{"name":"(anonymous_4)","decl":{"start":{"line":72,"column":21},"end":{"line":72,"column":22}},"loc":{"start":{"line":72,"column":27},"end":{"line":72,"column":50}},"line":72}},"branchMap":{"0":{"loc":{"start":{"line":34,"column":4},"end":{"line":41,"column":5}},"type":"if","locations":[{"start":{"line":34,"column":4},"end":{"line":41,"column":5}},{"start":{},"end":{}}],"line":34},"1":{"loc":{"start":{"line":36,"column":6},"end":{"line":40,"column":7}},"type":"if","locations":[{"start":{"line":36,"column":6},"end":{"line":40,"column":7}},{"start":{},"end":{}}],"line":36}},"s":{"0":2,"1":2,"2":9,"3":9,"4":9,"5":8,"6":8,"7":8,"8":8,"9":1,"10":1,"11":1,"12":8,"13":2,"14":1,"15":2},"f":{"0":9,"1":8,"2":8,"3":2,"4":1},"b":{"0":[8,0],"1":[1,7]},"_coverageSchema":"1a1c01bbd47fc00a2c39e90264f33305004495a9","hash":"3c1547d1fd3eebc3541e2906a4698174a67f6bc2"}
,"/Users/aymanearfaoui/Desktop/Concordia2024-2025/winter2025/soen390/FindMyClass/app/_layout.jsx": {"path":"/Users/aymanearfaoui/Desktop/Concordia2024-2025/winter2025/soen390/FindMyClass/app/_layout.jsx","statementMap":{"0":{"start":{"line":7,"column":28},"end":{"line":7,"column":37}},"1":{"start":{"line":8,"column":19},"end":{"line":8,"column":32}},"2":{"start":{"line":9,"column":17},"end":{"line":9,"column":28}},"3":{"start":{"line":11,"column":2},"end":{"line":20,"column":22}},"4":{"start":{"line":12,"column":4},"end":{"line":19,"column":5}},"5":{"start":{"line":13,"column":26},"end":{"line":13,"column":50}},"6":{"start":{"line":14,"column":6},"end":{"line":18,"column":7}},"7":{"start":{"line":15,"column":8},"end":{"line":15,"column":32}},"8":{"start":{"line":16,"column":13},"end":{"line":18,"column":7}},"9":{"start":{"line":17,"column":8},"end":{"line":17,"column":28}},"10":{"start":{"line":22,"column":2},"end":{"line":28,"column":4}},"11":{"start":{"line":32,"column":2},"end":{"line":36,"column":4}}},"fnMap":{"0":{"name":"RootLayoutNav","decl":{"start":{"line":6,"column":9},"end":{"line":6,"column":22}},"loc":{"start":{"line":6,"column":25},"end":{"line":29,"column":1}},"line":6},"1":{"name":"(anonymous_1)","decl":{"start":{"line":11,"column":18},"end":{"line":11,"column":19}},"loc":{"start":{"line":11,"column":24},"end":{"line":20,"column":3}},"line":11},"2":{"name":"RootLayout","decl":{"start":{"line":31,"column":24},"end":{"line":31,"column":34}},"loc":{"start":{"line":31,"column":37},"end":{"line":37,"column":1}},"line":31}},"branchMap":{"0":{"loc":{"start":{"line":12,"column":4},"end":{"line":19,"column":5}},"type":"if","locations":[{"start":{"line":12,"column":4},"end":{"line":19,"column":5}},{"start":{},"end":{}}],"line":12},"1":{"loc":{"start":{"line":14,"column":6},"end":{"line":18,"column":7}},"type":"if","locations":[{"start":{"line":14,"column":6},"end":{"line":18,"column":7}},{"start":{"line":16,"column":13},"end":{"line":18,"column":7}}],"line":14},"2":{"loc":{"start":{"line":14,"column":10},"end":{"line":14,"column":30}},"type":"binary-expr","locations":[{"start":{"line":14,"column":10},"end":{"line":14,"column":14}},{"start":{"line":14,"column":18},"end":{"line":14,"column":30}}],"line":14},"3":{"loc":{"start":{"line":16,"column":13},"end":{"line":18,"column":7}},"type":"if","locations":[{"start":{"line":16,"column":13},"end":{"line":18,"column":7}},{"start":{},"end":{}}],"line":16},"4":{"loc":{"start":{"line":16,"column":17},"end":{"line":16,"column":37}},"type":"binary-expr","locations":[{"start":{"line":16,"column":17},"end":{"line":16,"column":22}},{"start":{"line":16,"column":26},"end":{"line":16,"column":37}}],"line":16}},"s":{"0":4,"1":4,"2":4,"3":4,"4":4,"5":2,"6":2,"7":1,"8":1,"9":1,"10":4,"11":2},"f":{"0":4,"1":4,"2":2},"b":{"0":[2,2],"1":[1,1],"2":[2,1],"3":[1,0],"4":[1,1]},"_coverageSchema":"1a1c01bbd47fc00a2c39e90264f33305004495a9","hash":"c476de9fe3b1c49bbeca7f956b3d0a9b23663a17"}
,"/Users/aymanearfaoui/Desktop/Concordia2024-2025/winter2025/soen390/FindMyClass/app/home.jsx": {"path":"/Users/aymanearfaoui/Desktop/Concordia2024-2025/winter2025/soen390/FindMyClass/app/home.jsx","statementMap":{"0":{"start":{"line":11,"column":13},"end":{"line":85,"column":1}},"1":{"start":{"line":12,"column":34},"end":{"line":12,"column":54}},"2":{"start":{"line":13,"column":46},"end":{"line":13,"column":64}},"3":{"start":{"line":14,"column":17},"end":{"line":14,"column":28}},"4":{"start":{"line":16,"column":2},"end":{"line":18,"column":9}},"5":{"start":{"line":17,"column":4},"end":{"line":17,"column":19}},"6":{"start":{"line":20,"column":23},"end":{"line":29,"column":3}},"7":{"start":{"line":21,"column":17},"end":{"line":21,"column":52}},"8":{"start":{"line":22,"column":4},"end":{"line":24,"column":5}},"9":{"start":{"line":23,"column":6},"end":{"line":23,"column":36}},"10":{"start":{"line":25,"column":19},"end":{"line":25,"column":58}},"11":{"start":{"line":26,"column":4},"end":{"line":28,"column":5}},"12":{"start":{"line":27,"column":6},"end":{"line":27,"column":44}},"13":{"start":{"line":31,"column":24},"end":{"line":34,"column":3}},"14":{"start":{"line":32,"column":4},"end":{"line":32,"column":59}},"15":{"start":{"line":33,"column":4},"end":{"line":33,"column":24}},"16":{"start":{"line":36,"column":2},"end":{"line":84,"column":3}},"17":{"start":{"line":72,"column":16},"end":{"line":77,"column":23}},"18":{"start":{"line":89,"column":15},"end":{"line":105,"column":2}}},"fnMap":{"0":{"name":"(anonymous_0)","decl":{"start":{"line":11,"column":13},"end":{"line":11,"column":14}},"loc":{"start":{"line":11,"column":19},"end":{"line":85,"column":1}},"line":11},"1":{"name":"(anonymous_1)","decl":{"start":{"line":16,"column":18},"end":{"line":16,"column":19}},"loc":{"start":{"line":16,"column":24},"end":{"line":18,"column":3}},"line":16},"2":{"name":"(anonymous_2)","decl":{"start":{"line":20,"column":23},"end":{"line":20,"column":24}},"loc":{"start":{"line":20,"column":35},"end":{"line":29,"column":3}},"line":20},"3":{"name":"(anonymous_3)","decl":{"start":{"line":31,"column":24},"end":{"line":31,"column":25}},"loc":{"start":{"line":31,"column":36},"end":{"line":34,"column":3}},"line":31},"4":{"name":"(anonymous_4)","decl":{"start":{"line":71,"column":34},"end":{"line":71,"column":35}},"loc":{"start":{"line":72,"column":16},"end":{"line":77,"column":23}},"line":72}},"branchMap":{"0":{"loc":{"start":{"line":22,"column":4},"end":{"line":24,"column":5}},"type":"if","locations":[{"start":{"line":22,"column":4},"end":{"line":24,"column":5}},{"start":{},"end":{}}],"line":22},"1":{"loc":{"start":{"line":26,"column":4},"end":{"line":28,"column":5}},"type":"if","locations":[{"start":{"line":26,"column":4},"end":{"line":28,"column":5}},{"start":{},"end":{}}],"line":26},"2":{"loc":{"start":{"line":53,"column":9},"end":{"line":81,"column":9}},"type":"binary-expr","locations":[{"start":{"line":53,"column":9},"end":{"line":53,"column":17}},{"start":{"line":54,"column":10},"end":{"line":80,"column":13}}],"line":53},"3":{"loc":{"start":{"line":56,"column":15},"end":{"line":62,"column":15}},"type":"binary-expr","locations":[{"start":{"line":56,"column":15},"end":{"line":56,"column":31}},{"start":{"line":57,"column":16},"end":{"line":61,"column":18}}],"line":56},"4":{"loc":{"start":{"line":75,"column":30},"end":{"line":75,"column":72}},"type":"binary-expr","locations":[{"start":{"line":75,"column":30},"end":{"line":75,"column":51}},{"start":{"line":75,"column":55},"end":{"line":75,"column":72}}],"line":75}},"s":{"0":1,"1":8,"2":8,"3":8,"4":8,"5":5,"6":8,"7":5,"8":5,"9":3,"10":5,"11":5,"12":1,"13":8,"14":1,"15":1,"16":8,"17":1,"18":1},"f":{"0":8,"1":5,"2":5,"3":1,"4":1},"b":{"0":[3,2],"1":[1,4],"2":[8,3],"3":[3,1],"4":[1,1]},"_coverageSchema":"1a1c01bbd47fc00a2c39e90264f33305004495a9","hash":"e02252267d85504fb96208edb9e5597bc6cb7c12"}
,"/Users/aymanearfaoui/Desktop/Concordia2024-2025/winter2025/soen390/FindMyClass/app/index.jsx": {"path":"/Users/aymanearfaoui/Desktop/Concordia2024-2025/winter2025/soen390/FindMyClass/app/index.jsx","statementMap":{"0":{"start":{"line":9,"column":14},"end":{"line":54,"column":1}},"1":{"start":{"line":10,"column":19},"end":{"line":10,"column":30}},"2":{"start":{"line":13,"column":23},"end":{"line":13,"column":54}},"3":{"start":{"line":15,"column":4},"end":{"line":39,"column":27}},"4":{"start":{"line":17,"column":6},"end":{"line":21,"column":15}},"5":{"start":{"line":23,"column":18},"end":{"line":36,"column":12}},"6":{"start":{"line":25,"column":6},"end":{"line":29,"column":17}},"7":{"start":{"line":33,"column":6},"end":{"line":35,"column":15}},"8":{"start":{"line":34,"column":8},"end":{"line":34,"column":31}},"9":{"start":{"line":38,"column":4},"end":{"line":38,"column":37}},"10":{"start":{"line":38,"column":17},"end":{"line":38,"column":36}},"11":{"start":{"line":41,"column":2},"end":{"line":53,"column":3}}},"fnMap":{"0":{"name":"(anonymous_0)","decl":{"start":{"line":9,"column":14},"end":{"line":9,"column":15}},"loc":{"start":{"line":9,"column":20},"end":{"line":54,"column":1}},"line":9},"1":{"name":"(anonymous_1)","decl":{"start":{"line":15,"column":14},"end":{"line":15,"column":15}},"loc":{"start":{"line":15,"column":20},"end":{"line":39,"column":5}},"line":15},"2":{"name":"(anonymous_2)","decl":{"start":{"line":23,"column":29},"end":{"line":23,"column":30}},"loc":{"start":{"line":23,"column":35},"end":{"line":36,"column":5}},"line":23},"3":{"name":"(anonymous_3)","decl":{"start":{"line":33,"column":17},"end":{"line":33,"column":18}},"loc":{"start":{"line":33,"column":23},"end":{"line":35,"column":7}},"line":33},"4":{"name":"(anonymous_4)","decl":{"start":{"line":38,"column":11},"end":{"line":38,"column":12}},"loc":{"start":{"line":38,"column":17},"end":{"line":38,"column":36}},"line":38}},"branchMap":{},"s":{"0":1,"1":3,"2":3,"3":2,"4":2,"5":2,"6":1,"7":1,"8":1,"9":2,"10":2,"11":2},"f":{"0":3,"1":2,"2":1,"3":1,"4":2},"b":{},"_coverageSchema":"1a1c01bbd47fc00a2c39e90264f33305004495a9","hash":"eed58f3ff14bffc021f0b3f6aa49b872cb75ca1d"}
,"/Users/aymanearfaoui/Desktop/Concordia2024-2025/winter2025/soen390/FindMyClass/assets/Styles/mainPageStyle.js": {"path":"/Users/aymanearfaoui/Desktop/Concordia2024-2025/winter2025/soen390/FindMyClass/assets/Styles/mainPageStyle.js","statementMap":{"0":{"start":{"line":3,"column":16},"end":{"line":17,"column":4}}},"fnMap":{},"branchMap":{},"s":{"0":1},"f":{},"b":{},"_coverageSchema":"1a1c01bbd47fc00a2c39e90264f33305004495a9","hash":"4bb8bff945f107ac7f47ceccf4d2ca5ee42d8530"}
,"/Users/aymanearfaoui/Desktop/Concordia2024-2025/winter2025/soen390/FindMyClass/assets/images/background-generic-1.png": {"path":"/Users/aymanearfaoui/Desktop/Concordia2024-2025/winter2025/soen390/FindMyClass/assets/images/background-generic-1.png","statementMap":{"0":{"start":{"line":1,"column":0},"end":{"line":4,"column":6}}},"fnMap":{},"branchMap":{},"s":{"0":2},"f":{},"b":{},"_coverageSchema":"1a1c01bbd47fc00a2c39e90264f33305004495a9","hash":"719e080fcea24d9a7cfa472d2df375cfb8f5d95d"}
,"/Users/aymanearfaoui/Desktop/Concordia2024-2025/winter2025/soen390/FindMyClass/assets/images/google-color.png": {"path":"/Users/aymanearfaoui/Desktop/Concordia2024-2025/winter2025/soen390/FindMyClass/assets/images/google-color.png","statementMap":{"0":{"start":{"line":1,"column":0},"end":{"line":4,"column":6}}},"fnMap":{},"branchMap":{},"s":{"0":2},"f":{},"b":{},"_coverageSchema":"1a1c01bbd47fc00a2c39e90264f33305004495a9","hash":"1334a01f35ebd6ea47a331312eec3fbc13d0741f"}
,"/Users/aymanearfaoui/Desktop/Concordia2024-2025/winter2025/soen390/FindMyClass/assets/images/logo_whitepage.png": {"path":"/Users/aymanearfaoui/Desktop/Concordia2024-2025/winter2025/soen390/FindMyClass/assets/images/logo_whitepage.png","statementMap":{"0":{"start":{"line":1,"column":0},"end":{"line":4,"column":6}}},"fnMap":{},"branchMap":{},"s":{"0":1},"f":{},"b":{},"_coverageSchema":"1a1c01bbd47fc00a2c39e90264f33305004495a9","hash":"a433128b5b88d1c5a6d22ee4e692d399a9b58597"}
,"/Users/aymanearfaoui/Desktop/Concordia2024-2025/winter2025/soen390/FindMyClass/components/Button.jsx": {"path":"/Users/aymanearfaoui/Desktop/Concordia2024-2025/winter2025/soen390/FindMyClass/components/Button.jsx","statementMap":{"0":{"start":{"line":7,"column":15},"end":{"line":36,"column":1}},"1":{"start":{"line":15,"column":24},"end":{"line":21,"column":5}},"2":{"start":{"line":23,"column":4},"end":{"line":29,"column":5}},"3":{"start":{"line":24,"column":8},"end":{"line":28,"column":10}},"4":{"start":{"line":31,"column":2},"end":{"line":35,"column":3}},"5":{"start":{"line":40,"column":15},"end":{"line":55,"column":2}}},"fnMap":{"0":{"name":"(anonymous_0)","decl":{"start":{"line":7,"column":15},"end":{"line":7,"column":16}},"loc":{"start":{"line":14,"column":6},"end":{"line":36,"column":1}},"line":14},"1":{"name":"(anonymous_1)","decl":{"start":{"line":11,"column":12},"end":{"line":11,"column":13}},"loc":{"start":{"line":11,"column":16},"end":{"line":11,"column":18}},"line":11}},"branchMap":{"0":{"loc":{"start":{"line":10,"column":4},"end":{"line":10,"column":12}},"type":"default-arg","locations":[{"start":{"line":10,"column":10},"end":{"line":10,"column":12}}],"line":10},"1":{"loc":{"start":{"line":11,"column":4},"end":{"line":11,"column":18}},"type":"default-arg","locations":[{"start":{"line":11,"column":12},"end":{"line":11,"column":18}}],"line":11},"2":{"loc":{"start":{"line":12,"column":4},"end":{"line":12,"column":17}},"type":"default-arg","locations":[{"start":{"line":12,"column":12},"end":{"line":12,"column":17}}],"line":12},"3":{"loc":{"start":{"line":13,"column":4},"end":{"line":13,"column":20}},"type":"default-arg","locations":[{"start":{"line":13,"column":16},"end":{"line":13,"column":20}}],"line":13},"4":{"loc":{"start":{"line":23,"column":4},"end":{"line":29,"column":5}},"type":"if","locations":[{"start":{"line":23,"column":4},"end":{"line":29,"column":5}},{"start":{},"end":{}}],"line":23},"5":{"loc":{"start":{"line":32,"column":87},"end":{"line":32,"column":111}},"type":"binary-expr","locations":[{"start":{"line":32,"column":87},"end":{"line":32,"column":96}},{"start":{"line":32,"column":100},"end":{"line":32,"column":111}}],"line":32}},"s":{"0":3,"1":12,"2":12,"3":1,"4":11,"5":3},"f":{"0":12,"1":0},"b":{"0":[2],"1":[3],"2":[9],"3":[12],"4":[1,11],"5":[11,11]},"_coverageSchema":"1a1c01bbd47fc00a2c39e90264f33305004495a9","hash":"452a1fc1cbf57cbb4a071083278ffbb563dc96c6"}
,"/Users/aymanearfaoui/Desktop/Concordia2024-2025/winter2025/soen390/FindMyClass/components/Calendar.jsx": {"path":"/Users/aymanearfaoui/Desktop/Concordia2024-2025/winter2025/soen390/FindMyClass/components/Calendar.jsx","statementMap":{"0":{"start":{"line":7,"column":17},"end":{"line":63,"column":1}},"1":{"start":{"line":9,"column":24},"end":{"line":22,"column":10}},"2":{"start":{"line":10,"column":21},"end":{"line":12,"column":26}},"3":{"start":{"line":14,"column":8},"end":{"line":20,"column":10}},"4":{"start":{"line":21,"column":8},"end":{"line":21,"column":19}},"5":{"start":{"line":24,"column":4},"end":{"line":62,"column":6}},"6":{"start":{"line":36,"column":20},"end":{"line":58,"column":27}},"7":{"start":{"line":46,"column":28},"end":{"line":56,"column":35}},"8":{"start":{"line":65,"column":15},"end":{"line":111,"column":2}}},"fnMap":{"0":{"name":"(anonymous_0)","decl":{"start":{"line":7,"column":17},"end":{"line":7,"column":18}},"loc":{"start":{"line":7,"column":33},"end":{"line":63,"column":1}},"line":7},"1":{"name":"(anonymous_1)","decl":{"start":{"line":9,"column":38},"end":{"line":9,"column":39}},"loc":{"start":{"line":9,"column":54},"end":{"line":22,"column":5}},"line":9},"2":{"name":"(anonymous_2)","decl":{"start":{"line":35,"column":49},"end":{"line":35,"column":50}},"loc":{"start":{"line":36,"column":20},"end":{"line":58,"column":27}},"line":36},"3":{"name":"(anonymous_3)","decl":{"start":{"line":45,"column":41},"end":{"line":45,"column":42}},"loc":{"start":{"line":46,"column":28},"end":{"line":56,"column":35}},"line":46}},"branchMap":{"0":{"loc":{"start":{"line":10,"column":30},"end":{"line":10,"column":72}},"type":"binary-expr","locations":[{"start":{"line":10,"column":30},"end":{"line":10,"column":51}},{"start":{"line":10,"column":55},"end":{"line":10,"column":72}}],"line":10},"1":{"loc":{"start":{"line":19,"column":25},"end":{"line":19,"column":48}},"type":"binary-expr","locations":[{"start":{"line":19,"column":25},"end":{"line":19,"column":42}},{"start":{"line":19,"column":46},"end":{"line":19,"column":48}}],"line":19},"2":{"loc":{"start":{"line":48,"column":37},"end":{"line":52,"column":54}},"type":"cond-expr","locations":[{"start":{"line":49,"column":40},"end":{"line":52,"column":42}},{"start":{"line":52,"column":45},"end":{"line":52,"column":54}}],"line":48}},"s":{"0":1,"1":1,"2":2,"3":2,"4":2,"5":1,"6":2,"7":2,"8":1},"f":{"0":1,"1":2,"2":2,"3":2},"b":{"0":[2,0],"1":[2,2],"2":[2,0]},"_coverageSchema":"1a1c01bbd47fc00a2c39e90264f33305004495a9","hash":"a10ec19188bfc93269e5f6275dc2046102bc459c"}
,"/Users/aymanearfaoui/Desktop/Concordia2024-2025/winter2025/soen390/FindMyClass/components/LiveLocationButton.jsx": {"path":"/Users/aymanearfaoui/Desktop/Concordia2024-2025/winter2025/soen390/FindMyClass/components/LiveLocationButton.jsx","statementMap":{"0":{"start":{"line":7,"column":27},"end":{"line":22,"column":1}},"1":{"start":{"line":8,"column":36},"end":{"line":11,"column":5}},"2":{"start":{"line":9,"column":25},"end":{"line":9,"column":48}},"3":{"start":{"line":10,"column":8},"end":{"line":10,"column":46}},"4":{"start":{"line":13,"column":4},"end":{"line":21,"column":6}},"5":{"start":{"line":24,"column":15},"end":{"line":41,"column":2}}},"fnMap":{"0":{"name":"(anonymous_0)","decl":{"start":{"line":7,"column":27},"end":{"line":7,"column":28}},"loc":{"start":{"line":7,"column":44},"end":{"line":22,"column":1}},"line":7},"1":{"name":"(anonymous_1)","decl":{"start":{"line":8,"column":36},"end":{"line":8,"column":37}},"loc":{"start":{"line":8,"column":48},"end":{"line":11,"column":5}},"line":8}},"branchMap":{},"s":{"0":2,"1":2,"2":1,"3":1,"4":2,"5":2},"f":{"0":2,"1":1},"b":{},"_coverageSchema":"1a1c01bbd47fc00a2c39e90264f33305004495a9","hash":"86c03f0190d9c1684e1671fb59e5656e92492bb5"}
,"/Users/aymanearfaoui/Desktop/Concordia2024-2025/winter2025/soen390/FindMyClass/components/Loading.jsx": {"path":"/Users/aymanearfaoui/Desktop/Concordia2024-2025/winter2025/soen390/FindMyClass/components/Loading.jsx","statementMap":{"0":{"start":{"line":6,"column":16},"end":{"line":12,"column":1}},"1":{"start":{"line":7,"column":2},"end":{"line":11,"column":3}},"2":{"start":{"line":16,"column":15},"end":{"line":16,"column":36}}},"fnMap":{"0":{"name":"(anonymous_0)","decl":{"start":{"line":6,"column":16},"end":{"line":6,"column":17}},"loc":{"start":{"line":6,"column":64},"end":{"line":12,"column":1}},"line":6}},"branchMap":{"0":{"loc":{"start":{"line":6,"column":18},"end":{"line":6,"column":30}},"type":"default-arg","locations":[{"start":{"line":6,"column":23},"end":{"line":6,"column":30}}],"line":6},"1":{"loc":{"start":{"line":6,"column":32},"end":{"line":6,"column":58}},"type":"default-arg","locations":[{"start":{"line":6,"column":38},"end":{"line":6,"column":58}}],"line":6}},"s":{"0":4,"1":2,"2":4},"f":{"0":2},"b":{"0":[2],"1":[2]},"_coverageSchema":"1a1c01bbd47fc00a2c39e90264f33305004495a9","hash":"4d15f3308bd4025295c57b9af7509c2e362395bd"}
,"/Users/aymanearfaoui/Desktop/Concordia2024-2025/winter2025/soen390/FindMyClass/components/MapButtons.jsx": {"path":"/Users/aymanearfaoui/Desktop/Concordia2024-2025/winter2025/soen390/FindMyClass/components/MapButtons.jsx","statementMap":{"0":{"start":{"line":5,"column":19},"end":{"line":44,"column":1}},"1":{"start":{"line":6,"column":48},"end":{"line":6,"column":63}},"2":{"start":{"line":8,"column":22},"end":{"line":11,"column":5}},"3":{"start":{"line":13,"column":4},"end":{"line":15,"column":11}},"4":{"start":{"line":14,"column":8},"end":{"line":14,"column":31}},"5":{"start":{"line":17,"column":24},"end":{"line":26,"column":5}},"6":{"start":{"line":18,"column":28},"end":{"line":18,"column":47}},"7":{"start":{"line":20,"column":8},"end":{"line":25,"column":9}},"8":{"start":{"line":21,"column":12},"end":{"line":21,"column":33}},"9":{"start":{"line":23,"column":12},"end":{"line":23,"column":40}},"10":{"start":{"line":24,"column":12},"end":{"line":24,"column":33}},"11":{"start":{"line":28,"column":4},"end":{"line":43,"column":6}},"12":{"start":{"line":31,"column":16},"end":{"line":40,"column":35}},"13":{"start":{"line":34,"column":35},"end":{"line":34,"column":56}},"14":{"start":{"line":46,"column":15},"end":{"line":85,"column":2}}},"fnMap":{"0":{"name":"(anonymous_0)","decl":{"start":{"line":5,"column":19},"end":{"line":5,"column":20}},"loc":{"start":{"line":5,"column":34},"end":{"line":44,"column":1}},"line":5},"1":{"name":"(anonymous_1)","decl":{"start":{"line":13,"column":14},"end":{"line":13,"column":15}},"loc":{"start":{"line":13,"column":20},"end":{"line":15,"column":5}},"line":13},"2":{"name":"(anonymous_2)","decl":{"start":{"line":17,"column":24},"end":{"line":17,"column":25}},"loc":{"start":{"line":17,"column":38},"end":{"line":26,"column":5}},"line":17},"3":{"name":"(anonymous_3)","decl":{"start":{"line":30,"column":40},"end":{"line":30,"column":41}},"loc":{"start":{"line":31,"column":16},"end":{"line":40,"column":35}},"line":31},"4":{"name":"(anonymous_4)","decl":{"start":{"line":34,"column":29},"end":{"line":34,"column":30}},"loc":{"start":{"line":34,"column":35},"end":{"line":34,"column":56}},"line":34}},"branchMap":{"0":{"loc":{"start":{"line":20,"column":8},"end":{"line":25,"column":9}},"type":"if","locations":[{"start":{"line":20,"column":8},"end":{"line":25,"column":9}},{"start":{"line":22,"column":15},"end":{"line":25,"column":9}}],"line":20},"1":{"loc":{"start":{"line":33,"column":43},"end":{"line":33,"column":95}},"type":"binary-expr","locations":[{"start":{"line":33,"column":43},"end":{"line":33,"column":70}},{"start":{"line":33,"column":74},"end":{"line":33,"column":95}}],"line":33},"2":{"loc":{"start":{"line":37,"column":53},"end":{"line":37,"column":109}},"type":"binary-expr","locations":[{"start":{"line":37,"column":53},"end":{"line":37,"column":80}},{"start":{"line":37,"column":84},"end":{"line":37,"column":109}}],"line":37}},"s":{"0":1,"1":3,"2":3,"3":3,"4":3,"5":3,"6":1,"7":1,"8":1,"9":0,"10":0,"11":3,"12":6,"13":1,"14":1},"f":{"0":3,"1":3,"2":1,"3":6,"4":1},"b":{"0":[1,0],"1":[6,3],"2":[6,3]},"_coverageSchema":"1a1c01bbd47fc00a2c39e90264f33305004495a9","hash":"de2951e05992591d73a2b9312422093916b4d95e"}
,"/Users/aymanearfaoui/Desktop/Concordia2024-2025/winter2025/soen390/FindMyClass/components/ScreenWrapper.jsx": {"path":"/Users/aymanearfaoui/Desktop/Concordia2024-2025/winter2025/soen390/FindMyClass/components/ScreenWrapper.jsx","statementMap":{"0":{"start":{"line":5,"column":22},"end":{"line":11,"column":1}},"1":{"start":{"line":6,"column":4},"end":{"line":10,"column":6}},"2":{"start":{"line":13,"column":15},"end":{"line":17,"column":2}}},"fnMap":{"0":{"name":"(anonymous_0)","decl":{"start":{"line":5,"column":22},"end":{"line":5,"column":23}},"loc":{"start":{"line":5,"column":56},"end":{"line":11,"column":1}},"line":5}},"branchMap":{},"s":{"0":4,"1":20,"2":4},"f":{"0":20},"b":{},"_coverageSchema":"1a1c01bbd47fc00a2c39e90264f33305004495a9","hash":"9681fd05ee3cb9d5680319d00641ea7f377088e2"}
,"/Users/aymanearfaoui/Desktop/Concordia2024-2025/winter2025/soen390/FindMyClass/components/SearchBars.jsx": {"path":"/Users/aymanearfaoui/Desktop/Concordia2024-2025/winter2025/soen390/FindMyClass/components/SearchBars.jsx","statementMap":{"0":{"start":{"line":7,"column":19},"end":{"line":57,"column":1}},"1":{"start":{"line":8,"column":38},"end":{"line":8,"column":81}},"2":{"start":{"line":9,"column":38},"end":{"line":9,"column":86}},"3":{"start":{"line":11,"column":26},"end":{"line":15,"column":5}},"4":{"start":{"line":12,"column":21},"end":{"line":12,"column":30}},"5":{"start":{"line":13,"column":8},"end":{"line":13,"column":32}},"6":{"start":{"line":14,"column":8},"end":{"line":14,"column":27}},"7":{"start":{"line":17,"column":19},"end":{"line":17,"column":30}},"8":{"start":{"line":18,"column":25},"end":{"line":20,"column":5}},"9":{"start":{"line":19,"column":8},"end":{"line":19,"column":22}},"10":{"start":{"line":22,"column":4},"end":{"line":56,"column":6}},"11":{"start":{"line":59,"column":15},"end":{"line":111,"column":2}}},"fnMap":{"0":{"name":"(anonymous_0)","decl":{"start":{"line":7,"column":19},"end":{"line":7,"column":20}},"loc":{"start":{"line":7,"column":25},"end":{"line":57,"column":1}},"line":7},"1":{"name":"(anonymous_1)","decl":{"start":{"line":11,"column":26},"end":{"line":11,"column":27}},"loc":{"start":{"line":11,"column":32},"end":{"line":15,"column":5}},"line":11},"2":{"name":"(anonymous_2)","decl":{"start":{"line":18,"column":25},"end":{"line":18,"column":26}},"loc":{"start":{"line":18,"column":31},"end":{"line":20,"column":5}},"line":18}},"branchMap":{},"s":{"0":1,"1":36,"2":35,"3":35,"4":1,"5":1,"6":1,"7":35,"8":35,"9":1,"10":35,"11":1},"f":{"0":36,"1":1,"2":1},"b":{},"_coverageSchema":"1a1c01bbd47fc00a2c39e90264f33305004495a9","hash":"8a0bdd6db0f5c5de6e590101b74d6bc4ce4b8859"}
,"/Users/aymanearfaoui/Desktop/Concordia2024-2025/winter2025/soen390/FindMyClass/constants/theme.js": {"path":"/Users/aymanearfaoui/Desktop/Concordia2024-2025/winter2025/soen390/FindMyClass/constants/theme.js","statementMap":{"0":{"start":{"line":1,"column":21},"end":{"line":37,"column":3}}},"fnMap":{},"branchMap":{},"s":{"0":8},"f":{},"b":{},"_coverageSchema":"1a1c01bbd47fc00a2c39e90264f33305004495a9","hash":"f0329008823d9ac111b2a3a44d50cbe6e4b849a1"}
,"/Users/aymanearfaoui/Desktop/Concordia2024-2025/winter2025/soen390/FindMyClass/context/auth.js": {"path":"/Users/aymanearfaoui/Desktop/Concordia2024-2025/winter2025/soen390/FindMyClass/context/auth.js","statementMap":{"0":{"start":{"line":4,"column":20},"end":{"line":4,"column":37}},"1":{"start":{"line":7,"column":26},"end":{"line":7,"column":40}},"2":{"start":{"line":8,"column":32},"end":{"line":8,"column":46}},"3":{"start":{"line":10,"column":2},"end":{"line":12,"column":9}},"4":{"start":{"line":11,"column":4},"end":{"line":11,"column":16}},"5":{"start":{"line":14,"column":20},"end":{"line":23,"column":3}},"6":{"start":{"line":15,"column":4},"end":{"line":22,"column":5}},"7":{"start":{"line":16,"column":23},"end":{"line":16,"column":58}},"8":{"start":{"line":17,"column":6},"end":{"line":17,"column":54}},"9":{"start":{"line":19,"column":6},"end":{"line":19,"column":26}},"10":{"start":{"line":21,"column":6},"end":{"line":21,"column":24}},"11":{"start":{"line":25,"column":2},"end":{"line":29,"column":4}},"12":{"start":{"line":32,"column":23},"end":{"line":32,"column":52}},"13":{"start":{"line":32,"column":29},"end":{"line":32,"column":52}}},"fnMap":{"0":{"name":"AuthProvider","decl":{"start":{"line":6,"column":16},"end":{"line":6,"column":28}},"loc":{"start":{"line":6,"column":43},"end":{"line":30,"column":1}},"line":6},"1":{"name":"(anonymous_1)","decl":{"start":{"line":10,"column":12},"end":{"line":10,"column":13}},"loc":{"start":{"line":10,"column":18},"end":{"line":12,"column":3}},"line":10},"2":{"name":"(anonymous_2)","decl":{"start":{"line":14,"column":20},"end":{"line":14,"column":21}},"loc":{"start":{"line":14,"column":32},"end":{"line":23,"column":3}},"line":14},"3":{"name":"(anonymous_3)","decl":{"start":{"line":32,"column":23},"end":{"line":32,"column":24}},"loc":{"start":{"line":32,"column":29},"end":{"line":32,"column":52}},"line":32}},"branchMap":{"0":{"loc":{"start":{"line":17,"column":14},"end":{"line":17,"column":52}},"type":"cond-expr","locations":[{"start":{"line":17,"column":25},"end":{"line":17,"column":45}},{"start":{"line":17,"column":48},"end":{"line":17,"column":52}}],"line":17}},"s":{"0":2,"1":4,"2":4,"3":4,"4":2,"5":4,"6":2,"7":2,"8":2,"9":0,"10":2,"11":4,"12":2,"13":4},"f":{"0":4,"1":2,"2":2,"3":4},"b":{"0":[1,1]},"_coverageSchema":"1a1c01bbd47fc00a2c39e90264f33305004495a9","hash":"ad3cb8a46209727438dce78a78a0fc0f787a1b96"}
,"/Users/aymanearfaoui/Desktop/Concordia2024-2025/winter2025/soen390/FindMyClass/helpers/common.js": {"path":"/Users/aymanearfaoui/Desktop/Concordia2024-2025/winter2025/soen390/FindMyClass/helpers/common.js","statementMap":{"0":{"start":{"line":5,"column":51},"end":{"line":5,"column":75}},"1":{"start":{"line":7,"column":18},"end":{"line":9,"column":1}},"2":{"start":{"line":8,"column":4},"end":{"line":8,"column":45}},"3":{"start":{"line":11,"column":18},"end":{"line":13,"column":1}},"4":{"start":{"line":12,"column":4},"end":{"line":12,"column":42}}},"fnMap":{"0":{"name":"(anonymous_0)","decl":{"start":{"line":7,"column":18},"end":{"line":7,"column":19}},"loc":{"start":{"line":7,"column":32},"end":{"line":9,"column":1}},"line":7},"1":{"name":"(anonymous_1)","decl":{"start":{"line":11,"column":18},"end":{"line":11,"column":19}},"loc":{"start":{"line":11,"column":31},"end":{"line":13,"column":1}},"line":11}},"branchMap":{},"s":{"0":4,"1":4,"2":80,"3":4,"4":6},"f":{"0":80,"1":6},"b":{},"_coverageSchema":"1a1c01bbd47fc00a2c39e90264f33305004495a9","hash":"222b0af76b45712ebc875d8ea6df1ca7eaf7add1"}
,"/Users/aymanearfaoui/Desktop/Concordia2024-2025/winter2025/soen390/FindMyClass/services/calendarService.js": {"path":"/Users/aymanearfaoui/Desktop/Concordia2024-2025/winter2025/soen390/FindMyClass/services/calendarService.js","statementMap":{"0":{"start":{"line":1,"column":33},"end":{"line":19,"column":3}},"1":{"start":{"line":2,"column":4},"end":{"line":18,"column":5}},"2":{"start":{"line":3,"column":22},"end":{"line":3,"column":46}},"3":{"start":{"line":4,"column":22},"end":{"line":4,"column":32}},"4":{"start":{"line":5,"column":6},"end":{"line":5,"column":45}},"5":{"start":{"line":7,"column":23},"end":{"line":12,"column":7}},"6":{"start":{"line":13,"column":19},"end":{"line":13,"column":40}},"7":{"start":{"line":14,"column":6},"end":{"line":14,"column":30}},"8":{"start":{"line":16,"column":6},"end":{"line":16,"column":51}},"9":{"start":{"line":17,"column":6},"end":{"line":17,"column":16}}},"fnMap":{"0":{"name":"(anonymous_0)","decl":{"start":{"line":1,"column":33},"end":{"line":1,"column":34}},"loc":{"start":{"line":1,"column":50},"end":{"line":19,"column":3}},"line":1}},"branchMap":{"0":{"loc":{"start":{"line":14,"column":13},"end":{"line":14,"column":29}},"type":"binary-expr","locations":[{"start":{"line":14,"column":13},"end":{"line":14,"column":23}},{"start":{"line":14,"column":27},"end":{"line":14,"column":29}}],"line":14}},"s":{"0":2,"1":3,"2":3,"3":3,"4":3,"5":3,"6":2,"7":2,"8":1,"9":1},"f":{"0":3},"b":{"0":[2,1]},"_coverageSchema":"1a1c01bbd47fc00a2c39e90264f33305004495a9","hash":"03826acce54b36c025bb07e4b0cb41f7a92fe3c3"}
,"/Users/aymanearfaoui/Desktop/Concordia2024-2025/winter2025/soen390/FindMyClass/services/userService.js": {"path":"/Users/aymanearfaoui/Desktop/Concordia2024-2025/winter2025/soen390/FindMyClass/services/userService.js","statementMap":{"0":{"start":{"line":4,"column":27},"end":{"line":19,"column":1}},"1":{"start":{"line":5,"column":4},"end":{"line":5,"column":28}},"2":{"start":{"line":5,"column":16},"end":{"line":5,"column":28}},"3":{"start":{"line":6,"column":4},"end":{"line":18,"column":5}},"4":{"start":{"line":7,"column":25},"end":{"line":11,"column":9}},"5":{"start":{"line":12,"column":21},"end":{"line":12,"column":42}},"6":{"start":{"line":13,"column":8},"end":{"line":13,"column":66}},"7":{"start":{"line":14,"column":8},"end":{"line":14,"column":20}},"8":{"start":{"line":16,"column":8},"end":{"line":16,"column":28}},"9":{"start":{"line":17,"column":8},"end":{"line":17,"column":20}},"10":{"start":{"line":21,"column":26},"end":{"line":21,"column":55}},"11":{"start":{"line":23,"column":29},"end":{"line":23,"column":34}},"12":{"start":{"line":25,"column":42},"end":{"line":35,"column":1}},"13":{"start":{"line":26,"column":4},"end":{"line":26,"column":44}},"14":{"start":{"line":26,"column":32},"end":{"line":26,"column":44}},"15":{"start":{"line":27,"column":4},"end":{"line":34,"column":5}},"16":{"start":{"line":28,"column":23},"end":{"line":28,"column":73}},"17":{"start":{"line":29,"column":8},"end":{"line":29,"column":38}},"18":{"start":{"line":30,"column":8},"end":{"line":30,"column":36}},"19":{"start":{"line":32,"column":8},"end":{"line":32,"column":71}},"20":{"start":{"line":33,"column":8},"end":{"line":33,"column":21}},"21":{"start":{"line":37,"column":31},"end":{"line":54,"column":1}},"22":{"start":{"line":38,"column":4},"end":{"line":53,"column":5}},"23":{"start":{"line":39,"column":25},"end":{"line":39,"column":75}},"24":{"start":{"line":40,"column":8},"end":{"line":43,"column":9}},"25":{"start":{"line":41,"column":12},"end":{"line":41,"column":47}},"26":{"start":{"line":42,"column":12},"end":{"line":42,"column":37}},"27":{"start":{"line":45,"column":25},"end":{"line":47,"column":10}},"28":{"start":{"line":49,"column":8},"end":{"line":49,"column":79}},"29":{"start":{"line":51,"column":8},"end":{"line":51,"column":57}},"30":{"start":{"line":52,"column":8},"end":{"line":52,"column":33}}},"fnMap":{"0":{"name":"(anonymous_0)","decl":{"start":{"line":4,"column":27},"end":{"line":4,"column":28}},"loc":{"start":{"line":4,"column":44},"end":{"line":19,"column":1}},"line":4},"1":{"name":"(anonymous_1)","decl":{"start":{"line":25,"column":42},"end":{"line":25,"column":43}},"loc":{"start":{"line":25,"column":54},"end":{"line":35,"column":1}},"line":25},"2":{"name":"(anonymous_2)","decl":{"start":{"line":37,"column":31},"end":{"line":37,"column":32}},"loc":{"start":{"line":37,"column":43},"end":{"line":54,"column":1}},"line":37}},"branchMap":{"0":{"loc":{"start":{"line":5,"column":4},"end":{"line":5,"column":28}},"type":"if","locations":[{"start":{"line":5,"column":4},"end":{"line":5,"column":28}},{"start":{},"end":{}}],"line":5},"1":{"loc":{"start":{"line":26,"column":4},"end":{"line":26,"column":44}},"type":"if","locations":[{"start":{"line":26,"column":4},"end":{"line":26,"column":44}},{"start":{},"end":{}}],"line":26},"2":{"loc":{"start":{"line":40,"column":8},"end":{"line":43,"column":9}},"type":"if","locations":[{"start":{"line":40,"column":8},"end":{"line":43,"column":9}},{"start":{},"end":{}}],"line":40}},"s":{"0":2,"1":3,"2":1,"3":2,"4":2,"5":1,"6":1,"7":1,"8":1,"9":1,"10":2,"11":2,"12":2,"13":2,"14":1,"15":1,"16":1,"17":1,"18":1,"19":0,"20":0,"21":2,"22":3,"23":3,"24":3,"25":2,"26":2,"27":1,"28":0,"29":1,"30":1},"f":{"0":3,"1":2,"2":3},"b":{"0":[1,2],"1":[1,1],"2":[2,1]},"_coverageSchema":"1a1c01bbd47fc00a2c39e90264f33305004495a9","hash":"be927618b076d1c08a4cb6cba83ea5b3e9772a00"}
}
