TN:
SF:app/Welcome.jsx
FN:19,(anonymous_0)
FN:29,(anonymous_1)
FN:33,handleSignInWithGoogle
FN:58,(anonymous_3)
FN:72,(anonymous_4)
FNF:5
FNH:5
FNDA:9,(anonymous_0)
FNDA:8,(anonymous_1)
FNDA:8,handleSignInWithGoogle
FNDA:2,(anonymous_3)
FNDA:1,(anonymous_4)
DA:17,2
DA:19,2
DA:20,9
DA:27,9
DA:29,9
DA:30,8
DA:34,8
DA:35,8
DA:36,8
DA:37,1
DA:38,1
DA:39,1
DA:44,8
DA:58,2
DA:72,1
DA:86,2
LF:16
LH:16
BRDA:34,0,0,8
BRDA:34,0,1,0
BRDA:36,1,0,1
BRDA:36,1,1,7
BRF:4
BRH:3
end_of_record
TN:
SF:app/_layout.jsx
FN:6,RootLayoutNav
FN:11,(anonymous_1)
FN:31,RootLayout
FNF:3
FNH:3
FNDA:4,RootLayoutNav
FNDA:4,(anonymous_1)
FNDA:2,RootLayout
DA:7,4
DA:8,4
DA:9,4
DA:11,4
DA:12,4
DA:13,2
DA:14,2
DA:15,1
DA:16,1
DA:17,1
DA:22,4
DA:32,2
LF:12
LH:12
BRDA:12,0,0,2
BRDA:12,0,1,2
BRDA:14,1,0,1
BRDA:14,1,1,1
BRDA:14,2,0,2
BRDA:14,2,1,1
BRDA:16,3,0,1
BRDA:16,3,1,0
BRDA:16,4,0,1
BRDA:16,4,1,1
BRF:10
BRH:9
end_of_record
TN:
SF:app/home.jsx
FN:11,(anonymous_0)
FN:16,(anonymous_1)
FN:20,(anonymous_2)
FN:31,(anonymous_3)
FN:71,(anonymous_4)
FNF:5
FNH:5
FNDA:8,(anonymous_0)
FNDA:5,(anonymous_1)
FNDA:5,(anonymous_2)
FNDA:1,(anonymous_3)
FNDA:1,(anonymous_4)
DA:11,1
DA:12,8
DA:13,8
DA:14,8
DA:16,8
DA:17,5
DA:20,8
DA:21,5
DA:22,5
DA:23,3
DA:25,5
DA:26,5
DA:27,1
DA:31,8
DA:32,1
DA:33,1
DA:36,8
DA:72,1
DA:89,1
LF:19
LH:19
BRDA:22,0,0,3
BRDA:22,0,1,2
BRDA:26,1,0,1
BRDA:26,1,1,4
BRDA:53,2,0,8
BRDA:53,2,1,3
BRDA:56,3,0,3
BRDA:56,3,1,1
BRDA:75,4,0,1
BRDA:75,4,1,1
BRF:10
BRH:10
end_of_record
TN:
SF:app/index.jsx
FN:9,(anonymous_0)
FN:15,(anonymous_1)
FN:23,(anonymous_2)
FN:33,(anonymous_3)
FN:38,(anonymous_4)
FNF:5
FNH:5
FNDA:3,(anonymous_0)
FNDA:2,(anonymous_1)
FNDA:1,(anonymous_2)
FNDA:1,(anonymous_3)
FNDA:2,(anonymous_4)
DA:9,1
DA:10,3
DA:13,3
DA:15,2
DA:17,2
DA:23,2
DA:25,1
DA:33,1
DA:34,1
DA:38,2
DA:41,2
LF:11
LH:11
BRF:0
BRH:0
end_of_record
TN:
SF:assets/Styles/mainPageStyle.js
FNF:0
FNH:0
DA:3,1
LF:1
LH:1
BRF:0
BRH:0
end_of_record
TN:
SF:assets/images/background-generic-1.png
FNF:0
FNH:0
DA:1,2
LF:1
LH:1
BRF:0
BRH:0
end_of_record
TN:
SF:assets/images/google-color.png
FNF:0
FNH:0
DA:1,2
LF:1
LH:1
BRF:0
BRH:0
end_of_record
TN:
SF:assets/images/logo_whitepage.png
FNF:0
FNH:0
DA:1,1
LF:1
LH:1
BRF:0
BRH:0
end_of_record
TN:
SF:components/Button.jsx
FN:7,(anonymous_0)
FN:11,(anonymous_1)
FNF:2
FNH:1
FNDA:12,(anonymous_0)
FNDA:0,(anonymous_1)
DA:7,3
DA:15,12
DA:23,12
DA:24,1
DA:31,11
DA:40,3
LF:6
LH:6
BRDA:10,0,0,2
BRDA:11,1,0,3
BRDA:12,2,0,9
BRDA:13,3,0,12
BRDA:23,4,0,1
BRDA:23,4,1,11
BRDA:32,5,0,11
BRDA:32,5,1,11
BRF:8
BRH:8
end_of_record
TN:
SF:components/Calendar.jsx
FN:7,(anonymous_0)
FN:9,(anonymous_1)
FN:35,(anonymous_2)
FN:45,(anonymous_3)
FNF:4
FNH:4
FNDA:1,(anonymous_0)
FNDA:2,(anonymous_1)
FNDA:2,(anonymous_2)
FNDA:2,(anonymous_3)
DA:7,1
DA:9,1
DA:10,2
DA:14,2
DA:21,2
DA:24,1
DA:36,2
DA:46,2
DA:65,1
LF:9
LH:9
BRDA:10,0,0,2
BRDA:10,0,1,0
BRDA:19,1,0,2
BRDA:19,1,1,2
BRDA:48,2,0,2
BRDA:48,2,1,0
BRF:6
BRH:4
end_of_record
TN:
SF:components/LiveLocationButton.jsx
FN:7,(anonymous_0)
FN:8,(anonymous_1)
FNF:2
FNH:2
FNDA:2,(anonymous_0)
FNDA:1,(anonymous_1)
DA:7,2
DA:8,2
DA:9,1
DA:10,1
DA:13,2
DA:24,2
LF:6
LH:6
BRF:0
BRH:0
end_of_record
TN:
SF:components/Loading.jsx
FN:6,(anonymous_0)
FNF:1
FNH:1
FNDA:2,(anonymous_0)
DA:6,4
DA:7,2
DA:16,4
LF:3
LH:3
BRDA:6,0,0,2
BRDA:6,1,0,2
BRF:2
BRH:2
end_of_record
TN:
SF:components/MapButtons.jsx
FN:5,(anonymous_0)
FN:13,(anonymous_1)
FN:17,(anonymous_2)
FN:30,(anonymous_3)
FN:34,(anonymous_4)
FNF:5
FNH:5
FNDA:3,(anonymous_0)
FNDA:3,(anonymous_1)
FNDA:1,(anonymous_2)
FNDA:6,(anonymous_3)
FNDA:1,(anonymous_4)
DA:5,1
DA:6,3
DA:8,3
DA:13,3
DA:14,3
DA:17,3
DA:18,1
DA:20,1
DA:21,1
DA:23,0
DA:24,0
DA:28,3
DA:31,6
DA:34,1
DA:46,1
LF:15
LH:13
BRDA:20,0,0,1
BRDA:20,0,1,0
BRDA:33,1,0,6
BRDA:33,1,1,3
BRDA:37,2,0,6
BRDA:37,2,1,3
BRF:6
BRH:5
end_of_record
TN:
SF:components/ScreenWrapper.jsx
FN:5,(anonymous_0)
FNF:1
FNH:1
FNDA:20,(anonymous_0)
DA:5,4
DA:6,20
DA:13,4
LF:3
LH:3
BRF:0
BRH:0
end_of_record
TN:
SF:components/SearchBars.jsx
FN:7,(anonymous_0)
FN:11,(anonymous_1)
FN:18,(anonymous_2)
FNF:3
FNH:3
FNDA:36,(anonymous_0)
FNDA:1,(anonymous_1)
FNDA:1,(anonymous_2)
DA:7,1
DA:8,36
DA:9,35
DA:11,35
DA:12,1
DA:13,1
DA:14,1
DA:17,35
DA:18,35
DA:19,1
DA:22,35
DA:59,1
LF:12
LH:12
BRF:0
BRH:0
end_of_record
TN:
SF:constants/theme.js
FNF:0
FNH:0
DA:1,8
LF:1
LH:1
BRF:0
BRH:0
end_of_record
TN:
SF:context/auth.js
FN:6,AuthProvider
FN:10,(anonymous_1)
FN:14,(anonymous_2)
FN:32,(anonymous_3)
FNF:4
FNH:4
FNDA:4,AuthProvider
FNDA:2,(anonymous_1)
FNDA:2,(anonymous_2)
FNDA:4,(anonymous_3)
DA:4,2
DA:7,4
DA:8,4
DA:10,4
DA:11,2
DA:14,4
DA:15,2
DA:16,2
DA:17,2
DA:19,0
DA:21,2
DA:25,4
DA:32,4
LF:13
LH:12
BRDA:17,0,0,1
BRDA:17,0,1,1
BRF:2
BRH:2
end_of_record
TN:
SF:helpers/common.js
FN:7,(anonymous_0)
FN:11,(anonymous_1)
FNF:2
FNH:2
FNDA:80,(anonymous_0)
FNDA:6,(anonymous_1)
DA:5,4
DA:7,4
DA:8,80
DA:11,4
DA:12,6
LF:5
LH:5
BRF:0
BRH:0
end_of_record
TN:
SF:services/calendarService.js
FN:1,(anonymous_0)
FNF:1
FNH:1
FNDA:3,(anonymous_0)
DA:1,2
DA:2,3
DA:3,3
DA:4,3
DA:5,3
DA:7,3
DA:13,2
DA:14,2
DA:16,1
DA:17,1
LF:10
LH:10
BRDA:14,0,0,2
BRDA:14,0,1,1
BRF:2
BRH:2
end_of_record
TN:
SF:services/userService.js
FN:4,(anonymous_0)
FN:25,(anonymous_1)
FN:37,(anonymous_2)
FNF:3
FNH:3
FNDA:3,(anonymous_0)
FNDA:2,(anonymous_1)
FNDA:3,(anonymous_2)
DA:4,2
DA:5,3
DA:6,2
DA:7,2
DA:12,1
DA:13,1
DA:14,1
DA:16,1
DA:17,1
DA:21,2
DA:23,2
DA:25,2
DA:26,2
DA:27,1
DA:28,1
DA:29,1
DA:30,1
DA:32,0
DA:33,0
DA:37,2
DA:38,3
DA:39,3
DA:40,3
DA:41,2
DA:42,2
DA:45,1
DA:49,0
DA:51,1
DA:52,1
LF:29
LH:26
BRDA:5,0,0,1
BRDA:5,0,1,2
BRDA:26,1,0,1
BRDA:26,1,1,1
BRDA:40,2,0,2
BRDA:40,2,1,1
BRF:6
BRH:6
end_of_record
